<?xml version="1.0" encoding="UTF-8"?>
<!-- Generated by org.testng.reporters.JUnitReportReporter -->
<testsuite hostname="DESKTOP-IJVEGUQ" failures="0" tests="1" name="com.test.TestNgDemo" time="6.432" errors="0" timestamp="12 Jan 2025 13:41:23 GMT" skipped="0">
  <testcase classname="com.test.TestNgDemo" name="googleSearch" time="6.432"/>
</testsuite> <!-- com.test.TestNgDemo -->
