<?xml version="1.0" encoding="UTF-8"?>
<!-- Generated by org.testng.reporters.JUnitReportReporter -->
<testsuite hostname="DESKTOP-IJVEGUQ" failures="0" tests="1" name="com.excel.ExcelDataProvider" time="0.000" errors="0" timestamp="14 Jan 2025 06:45:38 GMT" skipped="1">
  <testcase classname="com.excel.ExcelDataProvider" name="test1" time="0.000">
    <skipped/>
  </testcase> <!-- test1 -->
</testsuite> <!-- com.excel.ExcelDataProvider -->
