<?xml version="1.0" encoding="UTF-8"?>
<!-- Generated by org.testng.reporters.JUnitReportReporter -->
<testsuite hostname="DESKTOP-IJVEGUQ" failures="0" tests="1" name="com.test.TestNgDemo2" time="5.056" errors="0" timestamp="11 Jan 2025 09:39:47 GMT" skipped="0">
  <testcase classname="com.test.TestNgDemo2" name="googleSearch" time="5.056"/>
</testsuite> <!-- com.test.TestNgDemo2 -->
