<?xml version="1.0" encoding="UTF-8"?>
<!-- Generated by org.testng.reporters.JUnitReportReporter -->
<testsuite hostname="DESKTOP-IJVEGUQ" failures="0" tests="3" name="com.dependency.TestNgDependencyDemo" time="0.021" errors="0" timestamp="15 Jan 2025 07:32:05 GMT" skipped="0">
  <testcase classname="com.dependency.TestNgDependencyDemo" name="test01" time="0.002"/>
  <testcase classname="com.dependency.TestNgDependencyDemo" name="test02" time="0.016"/>
  <testcase classname="com.dependency.TestNgDependencyDemo" name="test03" time="0.003"/>
</testsuite> <!-- com.dependency.TestNgDependencyDemo -->
