<?xml version="1.0" encoding="UTF-8"?>
<!-- Generated by org.testng.reporters.JUnitReportReporter -->
<testsuite hostname="DESKTOP-IJVEGUQ" failures="0" tests="4" name="com.grouping.TestNgGroupDemo" time="0.030" errors="0" timestamp="15 Jan 2025 06:26:32 GMT" skipped="0">
  <testcase classname="com.grouping.TestNgGroupDemo" name="test2" time="0.002"/>
  <testcase classname="com.grouping.TestNgGroupDemo" name="test3" time="0.003"/>
  <testcase classname="com.grouping.TestNgGroupDemo" name="test4" time="0.002"/>
  <testcase classname="com.grouping.TestNgGroupDemo" name="test1" time="0.023"/>
</testsuite> <!-- com.grouping.TestNgGroupDemo -->
