<?xml version="1.0" encoding="UTF-8"?>
<!-- Generated by org.testng.reporters.JUnitReportReporter -->
<testsuite hostname="DESKTOP-IJVEGUQ" failures="0" tests="2" name="com.demo.TestNgGroupDemo" time="0.021" errors="0" timestamp="15 Jan 2025 05:41:09 GMT" skipped="0">
  <testcase classname="com.demo.TestNgGroupDemo" name="test2" time="0.003"/>
  <testcase classname="com.demo.TestNgGroupDemo" name="test1" time="0.018"/>
</testsuite> <!-- com.demo.TestNgGroupDemo -->
