<?xml version="1.0" encoding="UTF-8"?>
<!-- Generated by org.testng.reporters.JUnitReportReporter -->
<testsuite hostname="DESKTOP-IJVEGUQ" failures="0" tests="3" name="com.ignoretestcase.TestNgIgnoreDemo" time="0.022" errors="0" timestamp="15 Jan 2025 07:39:10 GMT" skipped="1">
  <testcase classname="com.ignoretestcase.TestNgIgnoreDemo" name="test02" time="0.019"/>
  <testcase classname="com.ignoretestcase.TestNgIgnoreDemo" name="test03" time="0.003"/>
  <testcase classname="com.ignoretestcase.TestNgIgnoreDemo" name="test01">
    <skipped/>
  </testcase> <!-- test01 -->
</testsuite> <!-- com.ignoretestcase.TestNgIgnoreDemo -->
