<?xml version="1.0" encoding="UTF-8"?>
<!-- Generated by org.testng.reporters.JUnitReportReporter -->
<testsuite hostname="DESKTOP-IJVEGUQ" failures="0" tests="2" name="com.test.ExtentsReportWithTestNg" time="3.869" errors="0" timestamp="11 Jan 2025 08:30:09 GMT" skipped="0">
  <testcase classname="com.test.ExtentsReportWithTestNg" name="test01" time="3.866"/>
  <testcase classname="com.test.ExtentsReportWithTestNg" name="test02" time="0.003"/>
</testsuite> <!-- com.test.ExtentsReportWithTestNg -->
