<?xml version="1.0" encoding="UTF-8"?>
<!-- Generated by org.testng.reporters.JUnitReportReporter -->
<testsuite hostname="DESKTOP-IJVEGUQ" failures="0" tests="3" name="com.priority.TestEx" time="0.033" errors="0" timestamp="14 Jan 2025 16:32:51 GMT" skipped="0">
  <testcase classname="com.priority.TestEx" name="three" time="0.003"/>
  <testcase classname="com.priority.TestEx" name="one" time="0.018"/>
  <testcase classname="com.priority.TestEx" name="two" time="0.012"/>
</testsuite> <!-- com.priority.TestEx -->
