<?xml version="1.0" encoding="UTF-8"?>
<!-- Generated by org.testng.reporters.JUnitReportReporter -->
<testsuite hostname="DESKTOP-IJVEGUQ" failures="0" tests="1" name="com.parameters.TestNgParametersDemo" time="0.015" errors="0" timestamp="15 Jan 2025 06:53:47 GMT" skipped="0">
  <testcase classname="com.parameters.TestNgParametersDemo" name="test" time="0.015"/>
</testsuite> <!-- com.parameters.TestNgParametersDemo -->
