<?xml version="1.0" encoding="UTF-8"?>
<!-- Generated by org.testng.reporters.JUnitReportReporter -->
<testsuite hostname="DESKTOP-IJVEGUQ" failures="0" tests="1" name="com.demo.TestNgMultiBrowser" time="10.448" errors="0" timestamp="15 Jan 2025 05:06:06 GMT" skipped="0">
  <testcase classname="com.demo.TestNgMultiBrowser" name="test1" time="10.448"/>
</testsuite> <!-- com.demo.TestNgMultiBrowser -->
